[debug] [2023-06-30T09:14:50.429Z] ----------------------------------------------------------------------
[debug] [2023-06-30T09:14:50.430Z] Command:       /opt/homebrew/Cellar/node/20.3.0/bin/node /opt/homebrew/bin/firebase init hosting
[debug] [2023-06-30T09:14:50.431Z] CLI Version:   12.3.1
[debug] [2023-06-30T09:14:50.431Z] Platform:      darwin
[debug] [2023-06-30T09:14:50.431Z] Node Version:  v20.3.0
[debug] [2023-06-30T09:14:50.431Z] Time:          Fri Jun 30 2023 16:14:50 GMT+0700 (Indochina Time)
[debug] [2023-06-30T09:14:50.431Z] ----------------------------------------------------------------------
[debug] 
[debug] [2023-06-30T09:14:50.432Z] >>> [apiv2][query] GET https://firebase-public.firebaseio.com/cli.json [none]
[debug] [2023-06-30T09:14:50.445Z] > command requires scopes: ["email","openid","https://www.googleapis.com/auth/cloudplatformprojects.readonly","https://www.googleapis.com/auth/firebase","https://www.googleapis.com/auth/cloud-platform"]
[debug] [2023-06-30T09:14:50.445Z] > authorizing via signed-in user (kornsophea91@gmail.com)
[info] 
     ######## #### ########  ######## ########     ###     ######  ########
     ##        ##  ##     ## ##       ##     ##  ##   ##  ##       ##
     ######    ##  ########  ######   ########  #########  ######  ######
     ##        ##  ##    ##  ##       ##     ## ##     ##       ## ##
     ##       #### ##     ## ######## ########  ##     ##  ######  ########

You're about to initialize a Firebase project in this directory:

  /Users/moonli/Downloads/iPortfolio

[info] 
=== Project Setup
[info] 
[info] First, let's associate this project directory with a Firebase project.
[info] You can create multiple project aliases by running firebase use --add, 
[info] but for now we'll just set up a default project.
[info] 
[debug] [2023-06-30T09:14:51.049Z] <<< [apiv2][status] GET https://firebase-public.firebaseio.com/cli.json 200
[debug] [2023-06-30T09:14:51.049Z] <<< [apiv2][body] GET https://firebase-public.firebaseio.com/cli.json {"cloudBuildErrorAfter":1594252800000,"cloudBuildWarnAfter":1590019200000,"defaultNode10After":1594252800000,"minVersion":"3.0.5","node8DeploysDisabledAfter":1613390400000,"node8RuntimeDisabledAfter":1615809600000,"node8WarnAfter":1600128000000}
[info] i  If you want to create a project in a Google Cloud organization or folder, please use "firebase projects:create" instead, and return to this command when you've created the project. 
[debug] [2023-06-30T09:15:32.568Z] > refreshing access token with scopes: []
[debug] [2023-06-30T09:15:32.570Z] >>> [apiv2][query] POST https://www.googleapis.com/oauth2/v3/token [none]
[debug] [2023-06-30T09:15:32.570Z] >>> [apiv2][body] POST https://www.googleapis.com/oauth2/v3/token [omitted]
[debug] [2023-06-30T09:15:32.789Z] <<< [apiv2][status] POST https://www.googleapis.com/oauth2/v3/token 200
[debug] [2023-06-30T09:15:32.789Z] <<< [apiv2][body] POST https://www.googleapis.com/oauth2/v3/token [omitted]
[debug] [2023-06-30T09:15:32.804Z] >>> [apiv2][query] POST https://cloudresourcemanager.googleapis.com/v1/projects [none]
[debug] [2023-06-30T09:15:32.804Z] >>> [apiv2][body] POST https://cloudresourcemanager.googleapis.com/v1/projects {"projectId":"korn sophea website","name":"korn sophea website"}
[debug] [2023-06-30T09:15:33.958Z] <<< [apiv2][status] POST https://cloudresourcemanager.googleapis.com/v1/projects 400
[debug] [2023-06-30T09:15:33.959Z] <<< [apiv2][body] POST https://cloudresourcemanager.googleapis.com/v1/projects {"error":{"code":400,"message":"field [project_id] has issue [project_id contains invalid characters]","status":"INVALID_ARGUMENT","details":[{"@type":"type.googleapis.com/google.rpc.BadRequest","fieldViolations":[{"field":"project_id","description":"project_id contains invalid characters"}]},{"@type":"type.googleapis.com/google.rpc.Help","links":[{"url":"https://cloud.google.com/resource-manager/reference/rest/v1/projects"}]}]}}
[debug] [2023-06-30T09:15:34.132Z] FirebaseError: HTTP Error: 400, field [project_id] has issue [project_id contains invalid characters]
    at responseToError (/opt/homebrew/lib/node_modules/firebase-tools/lib/responseToError.js:49:12)
    at RetryOperation._fn (/opt/homebrew/lib/node_modules/firebase-tools/lib/apiv2.js:288:77)
    at process.processTicksAndRejections (node:internal/process/task_queues:95:5)
[error] 
[error] Error: Failed to create project. See firebase-debug.log for more info.
[debug] [2023-06-30T09:15:39.232Z] ----------------------------------------------------------------------
[debug] [2023-06-30T09:15:39.234Z] Command:       /opt/homebrew/Cellar/node/20.3.0/bin/node /opt/homebrew/bin/firebase init hosting
[debug] [2023-06-30T09:15:39.234Z] CLI Version:   12.3.1
[debug] [2023-06-30T09:15:39.234Z] Platform:      darwin
[debug] [2023-06-30T09:15:39.234Z] Node Version:  v20.3.0
[debug] [2023-06-30T09:15:39.234Z] Time:          Fri Jun 30 2023 16:15:39 GMT+0700 (Indochina Time)
[debug] [2023-06-30T09:15:39.234Z] ----------------------------------------------------------------------
[debug] 
[debug] [2023-06-30T09:15:39.237Z] > command requires scopes: ["email","openid","https://www.googleapis.com/auth/cloudplatformprojects.readonly","https://www.googleapis.com/auth/firebase","https://www.googleapis.com/auth/cloud-platform"]
[debug] [2023-06-30T09:15:39.237Z] > authorizing via signed-in user (kornsophea91@gmail.com)
[info] 
     ######## #### ########  ######## ########     ###     ######  ########
     ##        ##  ##     ## ##       ##     ##  ##   ##  ##       ##
     ######    ##  ########  ######   ########  #########  ######  ######
     ##        ##  ##    ##  ##       ##     ## ##     ##       ## ##
     ##       #### ##     ## ######## ########  ##     ##  ######  ########

You're about to initialize a Firebase project in this directory:

  /Users/moonli/Downloads/iPortfolio

[info] 
=== Project Setup
[info] 
[info] First, let's associate this project directory with a Firebase project.
[info] You can create multiple project aliases by running firebase use --add, 
[info] but for now we'll just set up a default project.
[info] 
[debug] [2023-06-30T09:15:48.695Z] >>> [apiv2][query] GET https://firebase.googleapis.com/v1beta1/projects pageSize=100
[debug] [2023-06-30T09:15:49.559Z] <<< [apiv2][status] GET https://firebase.googleapis.com/v1beta1/projects 200
[debug] [2023-06-30T09:15:49.560Z] <<< [apiv2][body] GET https://firebase.googleapis.com/v1beta1/projects [omitted]
[info] i  Don't want to scroll through all your projects? If you know your project ID, you can initialize it directly using firebase init --project <project_id>.
 
[info] i  Using project moonli-ebd1f (MoonLi) 
[info] 
=== Hosting Setup
[info] 
[info] Your public directory is the folder (relative to your project directory) that
[info] will contain Hosting assets to be uploaded with firebase deploy. If you
[info] have a build process for your assets, use your build's output directory.
[info] 
[info] ✔  Wrote public/404.html 
[debug] [2023-06-30T09:16:52.450Z] >>> [apiv2][query] GET https://www.gstatic.com/firebasejs/releases.json [none]
[debug] [2023-06-30T09:16:52.661Z] <<< [apiv2][status] GET https://www.gstatic.com/firebasejs/releases.json 200
[debug] [2023-06-30T09:16:52.662Z] <<< [apiv2][body] GET https://www.gstatic.com/firebasejs/releases.json {"current":{"version":"9.23.0","browserURL":"https://www.gstatic.com/firebasejs/9.23.0/firebase.js","packageURL":"https://www.gstatic.com/firebasejs/9.23.0/firebase.tgz"},"live":{"version":"9.23","browserURL":"https://www.gstatic.com/firebasejs/live/9.23/firebase.js","packageURL":"https://www.gstatic.com/firebasejs/live/9.23/firebase.tgz"},"components":{"analytics":"https://www.gstatic.com/firebasejs/9.23.0/firebase-analytics.js","app":"https://www.gstatic.com/firebasejs/9.23.0/firebase-app.js","app-check":"https://www.gstatic.com/firebasejs/9.23.0/firebase-app-check.js","auth":"https://www.gstatic.com/firebasejs/9.23.0/firebase-auth.js","auth/cordova":"https://www.gstatic.com/firebasejs/9.23.0/firebase-auth/cordova.js","auth/react-native":"https://www.gstatic.com/firebasejs/9.23.0/firebase-auth/react-native.js","functions":"https://www.gstatic.com/firebasejs/9.23.0/firebase-functions.js","firestore":"https://www.gstatic.com/firebasejs/9.23.0/firebase-firestore.js","firestore/lite":"https://www.gstatic.com/firebasejs/9.23.0/firebase-firestore/lite.js","installations":"https://www.gstatic.com/firebasejs/9.23.0/firebase-installations.js","storage":"https://www.gstatic.com/firebasejs/9.23.0/firebase-storage.js","performance":"https://www.gstatic.com/firebasejs/9.23.0/firebase-performance.js","remote-config":"https://www.gstatic.com/firebasejs/9.23.0/firebase-remote-config.js","messaging":"https://www.gstatic.com/firebasejs/9.23.0/firebase-messaging.js","messaging/sw":"https://www.gstatic.com/firebasejs/9.23.0/firebase-messaging/sw.js","database":"https://www.gstatic.com/firebasejs/9.23.0/firebase-database.js","firestore.memory":"https://www.gstatic.com/firebasejs/9.23.0/firebase-firestore.memory.js"}}
[info] ✔  Wrote public/index.html 
[info] 
[info] i  Didn't detect a .git folder. Assuming /Users/moonli/Downloads/iPortfolio is the project root. 
[info] i  Authorizing with GitHub to upload your service account to a GitHub repository's secrets store. 
[info] 
[info] Visit this URL on this device to log in:
[info] https://github.com/login/oauth/authorize?client_id=89cf50f02ac6aaed3484&state=127946688&redirect_uri=http%3A%2F%2Flocalhost%3A9005&scope=read%3Auser%20repo%20public_repo
[info] 
[info] Waiting for authentication...
[debug] [2023-06-30T09:16:53.405Z] >>> [apiv2][query] POST https://github.com/login/oauth/access_token [none]
[debug] [2023-06-30T09:16:53.406Z] >>> [apiv2][body] POST https://github.com/login/oauth/access_token [stream]
[debug] [2023-06-30T09:16:53.903Z] <<< [apiv2][status] POST https://github.com/login/oauth/access_token 200
[debug] [2023-06-30T09:16:53.903Z] <<< [apiv2][body] POST https://github.com/login/oauth/access_token {"access_token":"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","token_type":"bearer","scope":"read:user,repo"}
[debug] [2023-06-30T09:16:53.915Z] >>> [apiv2][query] GET https://api.github.com/user [none]
[debug] [2023-06-30T09:16:55.130Z] <<< [apiv2][status] GET https://api.github.com/user 200
[debug] [2023-06-30T09:16:55.131Z] <<< [apiv2][body] GET https://api.github.com/user {"login":"kornsophea","id":102777305,"node_id":"U_kgDOBiBB2Q","avatar_url":"https://avatars.githubusercontent.com/u/102777305?v=4","gravatar_id":"","url":"https://api.github.com/users/kornsophea","html_url":"https://github.com/kornsophea","followers_url":"https://api.github.com/users/kornsophea/followers","following_url":"https://api.github.com/users/kornsophea/following{/other_user}","gists_url":"https://api.github.com/users/kornsophea/gists{/gist_id}","starred_url":"https://api.github.com/users/kornsophea/starred{/owner}{/repo}","subscriptions_url":"https://api.github.com/users/kornsophea/subscriptions","organizations_url":"https://api.github.com/users/kornsophea/orgs","repos_url":"https://api.github.com/users/kornsophea/repos","events_url":"https://api.github.com/users/kornsophea/events{/privacy}","received_events_url":"https://api.github.com/users/kornsophea/received_events","type":"User","site_admin":false,"name":"Korn Sophea","company":"Z Valley","blog":"https://twitter.com/KornSophea2?t=9Jfx7rZAa7ZdxH7J8JZx2g&s=09","location":"Cambodia","email":null,"hireable":null,"bio":"Mobile App Developer","twitter_username":"Kornsophea2","public_repos":36,"public_gists":0,"followers":2,"following":15,"created_at":"2022-04-01T02:24:14Z","updated_at":"2023-06-23T13:02:26Z","private_gists":0,"total_private_repos":7,"owned_private_repos":7,"disk_usage":69518,"collaborators":0,"two_factor_authentication":false,"plan":{"name":"free","space":976562499,"collaborators":0,"private_repos":10000}}
[info] 
[info] ✔  Success! Logged into GitHub as kornsophea 
[info] 
